<?xml version="1.0" encoding="UTF-8"?>
<testng-results ignored="0" total="2" passed="2" failed="0" skipped="0">
  <reporter-output>
  </reporter-output>
  <suite started-at="2021-08-28T16:22:12 IST" name="Default suite" finished-at="2021-08-28T16:22:12 IST" duration-ms="90">
    <groups>
    </groups>
    <test started-at="2021-08-28T16:22:12 IST" name="Default test" finished-at="2021-08-28T16:22:12 IST" duration-ms="90">
      <class name="testthread.text">
        <test-method signature="run()[pri:0, instance:testthread.text@2cd2a21f]" started-at="2021-08-28T16:22:12 IST" name="run" finished-at="2021-08-28T16:22:12 IST" duration-ms="14" status="PASS">
          <reporter-output>
          </reporter-output>
        </test-method> <!-- run -->
      </class> <!-- testthread.text -->
      <class name="testthread.app">
        <test-method signature="run()[pri:0, instance:testthread.app@1e6454ec]" started-at="2021-08-28T16:22:12 IST" name="run" finished-at="2021-08-28T16:22:12 IST" duration-ms="3" status="PASS">
          <reporter-output>
          </reporter-output>
        </test-method> <!-- run -->
      </class> <!-- testthread.app -->
    </test> <!-- Default test -->
  </suite> <!-- Default suite -->
</testng-results>
